  GSPlay.cpp
C:\Users\admin\GL_NguyenLuongDung_Intern\[HIN024]_Lesson6_NguyenLuongDung\MiniGameStarter\TrainingFramework\src\GameStates\GSPlay.cpp(34,92): warning C4244: 'argument': conversion from 'float' to 'GLint', possible loss of data
C:\Users\admin\GL_NguyenLuongDung_Intern\[HIN024]_Lesson6_NguyenLuongDung\MiniGameStarter\TrainingFramework\src\GameStates\GSPlay.cpp(34,58): warning C4244: 'argument': conversion from 'float' to 'GLint', possible loss of data
E:\VS\VC\Tools\MSVC\14.29.30133\include\xutility(158,77): warning C4244: 'argument': conversion from '_Ty' to 'float', possible loss of data
          with
          [
              _Ty=double
          ]
E:\VS\VC\Tools\MSVC\14.29.30133\include\memory(2029): message : see reference to function template instantiation 'void std::_Construct_in_place<_Ty,std::shared_ptr<Shader>&,std::shared_ptr<Font>&,const char(&)[10],TextColor,double>(_Ty &,std::shared_ptr<Shader> &,std::shared_ptr<Font> &,const char (&)[10],TextColor &&,double &&) noexcept(false)' being compiled
          with
          [
              _Ty=Text
          ]
E:\VS\VC\Tools\MSVC\14.29.30133\include\memory(2748): message : see reference to function template instantiation 'std::_Ref_count_obj2<_Ty>::_Ref_count_obj2<std::shared_ptr<Shader>&,std::shared_ptr<Font>&,const char(&)[10],TextColor,double>(std::shared_ptr<Shader> &,std::shared_ptr<Font> &,const char (&)[10],TextColor &&,double &&)' being compiled
          with
          [
              _Ty=Text
          ]
E:\VS\VC\Tools\MSVC\14.29.30133\include\memory(2748): message : see reference to function template instantiation 'std::_Ref_count_obj2<_Ty>::_Ref_count_obj2<std::shared_ptr<Shader>&,std::shared_ptr<Font>&,const char(&)[10],TextColor,double>(std::shared_ptr<Shader> &,std::shared_ptr<Font> &,const char (&)[10],TextColor &&,double &&)' being compiled
          with
          [
              _Ty=Text
          ]
C:\Users\admin\GL_NguyenLuongDung_Intern\[HIN024]_Lesson6_NguyenLuongDung\MiniGameStarter\TrainingFramework\src\GameStates\GSPlay.cpp(50): message : see reference to function template instantiation 'std::shared_ptr<Text> std::make_shared<Text,std::shared_ptr<Shader>&,std::shared_ptr<Font>&,const char(&)[10],TextColor,double>(std::shared_ptr<Shader> &,std::shared_ptr<Font> &,const char (&)[10],TextColor &&,double &&)' being compiled
soloud_static.lib(soloud_core_basicops.obj) : warning LNK4075: ignoring '/EDITANDCONTINUE' due to '/OPT:ICF' specification
LINK : warning LNK4098: defaultlib 'LIBCMTD' conflicts with use of other libs; use /NODEFAULTLIB:library
  Generating code
  1 of 1502 functions (<0.1%) were compiled, the rest were copied from previous compilation.
    0 functions were new in current compilation
    5 functions had inline decision re-evaluated but remain unchanged
  Finished generating code
soloud_static.lib(dr_impl.obj) : warning LNK4099: PDB 'soloud_static.pdb' was not found with 'soloud_static.lib(dr_impl.obj)' or at 'C:\Users\admin\GL_NguyenLuongDung_Intern\[HIN024]_Lesson6_NguyenLuongDung\MiniGameStarter\BIN-Nvidia\soloud_static.pdb'; linking object as if no debug info
soloud_static.lib(soloud_wav.obj) : warning LNK4099: PDB 'soloud_static.pdb' was not found with 'soloud_static.lib(soloud_wav.obj)' or at 'C:\Users\admin\GL_NguyenLuongDung_Intern\[HIN024]_Lesson6_NguyenLuongDung\MiniGameStarter\BIN-Nvidia\soloud_static.pdb'; linking object as if no debug info
soloud_static.lib(stb_vorbis.obj) : warning LNK4099: PDB '' was not found with 'soloud_static.lib(stb_vorbis.obj)' or at ''; linking object as if no debug info
soloud_static.lib(soloud.obj) : warning LNK4099: PDB 'soloud_static.pdb' was not found with 'soloud_static.lib(soloud.obj)' or at 'C:\Users\admin\GL_NguyenLuongDung_Intern\[HIN024]_Lesson6_NguyenLuongDung\MiniGameStarter\BIN-Nvidia\soloud_static.pdb'; linking object as if no debug info
soloud_static.lib(soloud_audiosource.obj) : warning LNK4099: PDB 'soloud_static.pdb' was not found with 'soloud_static.lib(soloud_audiosource.obj)' or at 'C:\Users\admin\GL_NguyenLuongDung_Intern\[HIN024]_Lesson6_NguyenLuongDung\MiniGameStarter\BIN-Nvidia\soloud_static.pdb'; linking object as if no debug info
soloud_static.lib(soloud_core_basicops.obj) : warning LNK4099: PDB 'soloud_static.pdb' was not found with 'soloud_static.lib(soloud_core_basicops.obj)' or at 'C:\Users\admin\GL_NguyenLuongDung_Intern\[HIN024]_Lesson6_NguyenLuongDung\MiniGameStarter\BIN-Nvidia\soloud_static.pdb'; linking object as if no debug info
soloud_static.lib(soloud_core_getters.obj) : warning LNK4099: PDB 'soloud_static.pdb' was not found with 'soloud_static.lib(soloud_core_getters.obj)' or at 'C:\Users\admin\GL_NguyenLuongDung_Intern\[HIN024]_Lesson6_NguyenLuongDung\MiniGameStarter\BIN-Nvidia\soloud_static.pdb'; linking object as if no debug info
soloud_static.lib(soloud_core_setters.obj) : warning LNK4099: PDB 'soloud_static.pdb' was not found with 'soloud_static.lib(soloud_core_setters.obj)' or at 'C:\Users\admin\GL_NguyenLuongDung_Intern\[HIN024]_Lesson6_NguyenLuongDung\MiniGameStarter\BIN-Nvidia\soloud_static.pdb'; linking object as if no debug info
soloud_static.lib(soloud_core_voicegroup.obj) : warning LNK4099: PDB 'soloud_static.pdb' was not found with 'soloud_static.lib(soloud_core_voicegroup.obj)' or at 'C:\Users\admin\GL_NguyenLuongDung_Intern\[HIN024]_Lesson6_NguyenLuongDung\MiniGameStarter\BIN-Nvidia\soloud_static.pdb'; linking object as if no debug info
soloud_static.lib(soloud_core_voiceops.obj) : warning LNK4099: PDB 'soloud_static.pdb' was not found with 'soloud_static.lib(soloud_core_voiceops.obj)' or at 'C:\Users\admin\GL_NguyenLuongDung_Intern\[HIN024]_Lesson6_NguyenLuongDung\MiniGameStarter\BIN-Nvidia\soloud_static.pdb'; linking object as if no debug info
soloud_static.lib(soloud_fader.obj) : warning LNK4099: PDB 'soloud_static.pdb' was not found with 'soloud_static.lib(soloud_fader.obj)' or at 'C:\Users\admin\GL_NguyenLuongDung_Intern\[HIN024]_Lesson6_NguyenLuongDung\MiniGameStarter\BIN-Nvidia\soloud_static.pdb'; linking object as if no debug info
soloud_static.lib(soloud_fft.obj) : warning LNK4099: PDB 'soloud_static.pdb' was not found with 'soloud_static.lib(soloud_fft.obj)' or at 'C:\Users\admin\GL_NguyenLuongDung_Intern\[HIN024]_Lesson6_NguyenLuongDung\MiniGameStarter\BIN-Nvidia\soloud_static.pdb'; linking object as if no debug info
soloud_static.lib(soloud_file.obj) : warning LNK4099: PDB 'soloud_static.pdb' was not found with 'soloud_static.lib(soloud_file.obj)' or at 'C:\Users\admin\GL_NguyenLuongDung_Intern\[HIN024]_Lesson6_NguyenLuongDung\MiniGameStarter\BIN-Nvidia\soloud_static.pdb'; linking object as if no debug info
soloud_static.lib(soloud_thread.obj) : warning LNK4099: PDB 'soloud_static.pdb' was not found with 'soloud_static.lib(soloud_thread.obj)' or at 'C:\Users\admin\GL_NguyenLuongDung_Intern\[HIN024]_Lesson6_NguyenLuongDung\MiniGameStarter\BIN-Nvidia\soloud_static.pdb'; linking object as if no debug info
soloud_static.lib(soloud_winmm.obj) : warning LNK4099: PDB 'soloud_static.pdb' was not found with 'soloud_static.lib(soloud_winmm.obj)' or at 'C:\Users\admin\GL_NguyenLuongDung_Intern\[HIN024]_Lesson6_NguyenLuongDung\MiniGameStarter\BIN-Nvidia\soloud_static.pdb'; linking object as if no debug info
soloud_static.lib(soloud_null.obj) : warning LNK4099: PDB '' was not found with 'soloud_static.lib(soloud_null.obj)' or at ''; linking object as if no debug info
  TrainingFramework.vcxproj -> C:\Users\admin\GL_NguyenLuongDung_Intern\[HIN024]_Lesson6_NguyenLuongDung\MiniGameStarter\BIN-Nvidia\TrainingFramework.exe
